# JRE version: Java(TM) SE Runtime Environment (8.0_05-b13) (build 1.8.0_05-b13)
# Java VM: Java HotSpot(TM) 64-Bit Server VM (25.5-b02 mixed mode bsd-amd64 compressed oops)
Heap:
 PSYoungGen      total 2560K, used 763K [0x0000000715580000, 0x0000000715c80000, 0x00000007c0000000)
  eden space 2048K, 12% used [0x0000000715580000,0x00000007155bef00,0x0000000715780000)
  from space 512K, 100% used [0x0000000715780000,0x0000000715800000,0x0000000715800000)
  to   space 1536K, 0% used [0x0000000715b00000,0x0000000715b00000,0x0000000715c80000)
 ParOldGen       total 522752K, used 1572K [0x00000005c0000000, 0x00000005dfe80000, 0x0000000715580000)
  object space 522752K, 0% used [0x00000005c0000000,0x00000005c0189088,0x00000005dfe80000)
 Metaspace       used 10732K, capacity 10864K, committed 11008K, reserved 1058816K
  class space    used 1405K, capacity 1454K, committed 1536K, reserved 1048576K
GC Heap History (10 events):
Event: 0.059 GC heap before
{Heap before GC invocations=1 (full 0):
 PSYoungGen      total 1024K, used 511K [0x0000000715580000, 0x0000000715700000, 0x00000007c0000000)
  eden space 512K, 99% used [0x0000000715580000,0x00000007155ffd78,0x0000000715600000)
  from space 512K, 0% used [0x0000000715680000,0x0000000715680000,0x0000000715700000)
  to   space 512K, 0% used [0x0000000715600000,0x0000000715600000,0x0000000715680000)
 ParOldGen       total 522752K, used 0K [0x00000005c0000000, 0x00000005dfe80000, 0x0000000715580000)
  object space 522752K, 0% used [0x00000005c0000000,0x00000005c0000000,0x00000005dfe80000)
 Metaspace       used 2486K, capacity 4480K, committed 4480K, reserved 1056768K
  class space    used 268K, capacity 384K, committed 384K, reserved 1048576K
Event: 0.060 GC heap after
Heap after GC invocations=1 (full 0):
 PSYoungGen      total 1024K, used 496K [0x0000000715580000, 0x0000000715780000, 0x00000007c0000000)
  eden space 512K, 0% used [0x0000000715580000,0x0000000715580000,0x0000000715600000)
  from space 512K, 96% used [0x0000000715600000,0x000000071567c010,0x0000000715680000)
  to   space 512K, 0% used [0x0000000715700000,0x0000000715700000,0x0000000715780000)
 ParOldGen       total 522752K, used 16K [0x00000005c0000000, 0x00000005dfe80000, 0x0000000715580000)
  object space 522752K, 0% used [0x00000005c0000000,0x00000005c0004000,0x00000005dfe80000)
 Metaspace       used 2486K, capacity 4480K, committed 4480K, reserved 1056768K
  class space    used 268K, capacity 384K, committed 384K, reserved 1048576K
}
Event: 0.075 GC heap before
{Heap before GC invocations=2 (full 0):
 PSYoungGen      total 1024K, used 997K [0x0000000715580000, 0x0000000715780000, 0x00000007c0000000)
  eden space 512K, 97% used [0x0000000715580000,0x00000007155fd430,0x0000000715600000)
  from space 512K, 96% used [0x0000000715600000,0x000000071567c010,0x0000000715680000)
  to   space 512K, 0% used [0x0000000715700000,0x0000000715700000,0x0000000715780000)
 ParOldGen       total 522752K, used 16K [0x00000005c0000000, 0x00000005dfe80000, 0x0000000715580000)
  object space 522752K, 0% used [0x00000005c0000000,0x00000005c0004000,0x00000005dfe80000)
 Metaspace       used 2655K, capacity 4480K, committed 4480K, reserved 1056768K
  class space    used 291K, capacity 384K, committed 384K, reserved 1048576K
Event: 0.076 GC heap after
Heap after GC invocations=2 (full 0):
 PSYoungGen      total 1536K, used 496K [0x0000000715580000, 0x0000000715780000, 0x00000007c0000000)
  eden space 1024K, 0% used [0x0000000715580000,0x0000000715580000,0x0000000715680000)
  from space 512K, 96% used [0x0000000715700000,0x000000071577c010,0x0000000715780000)
  to   space 512K, 0% used [0x0000000715680000,0x0000000715680000,0x0000000715700000)
 ParOldGen       total 522752K, used 72K [0x00000005c0000000, 0x00000005dfe80000, 0x0000000715580000)
  object space 522752K, 0% used [0x00000005c0000000,0x00000005c0012000,0x00000005dfe80000)
 Metaspace       used 2655K, capacity 4480K, committed 4480K, reserved 1056768K
  class space    used 291K, capacity 384K, committed 384K, reserved 1048576K
}
Event: 0.205 GC heap before
{Heap before GC invocations=3 (full 0):
 PSYoungGen      total 1536K, used 1520K [0x0000000715580000, 0x0000000715780000, 0x00000007c0000000)
  eden space 1024K, 100% used [0x0000000715580000,0x0000000715680000,0x0000000715680000)
  from space 512K, 96% used [0x0000000715700000,0x000000071577c010,0x0000000715780000)
  to   space 512K, 0% used [0x0000000715680000,0x0000000715680000,0x0000000715700000)
 ParOldGen       total 522752K, used 72K [0x00000005c0000000, 0x00000005dfe80000, 0x0000000715580000)
  object space 522752K, 0% used [0x00000005c0000000,0x00000005c0012000,0x00000005dfe80000)
 Metaspace       used 5144K, capacity 5264K, committed 5632K, reserved 1056768K
  class space    used 610K, capacity 647K, committed 768K, reserved 1048576K
Event: 0.206 GC heap after
Heap after GC invocations=3 (full 0):
 PSYoungGen      total 1536K, used 480K [0x0000000715580000, 0x0000000715880000, 0x00000007c0000000)
  eden space 1024K, 0% used [0x0000000715580000,0x0000000715580000,0x0000000715680000)
  from space 512K, 93% used [0x0000000715680000,0x00000007156f8020,0x0000000715700000)
  to   space 512K, 0% used [0x0000000715800000,0x0000000715800000,0x0000000715880000)
 ParOldGen       total 522752K, used 419K [0x00000005c0000000, 0x00000005dfe80000, 0x0000000715580000)
  object space 522752K, 0% used [0x00000005c0000000,0x00000005c0068ff0,0x00000005dfe80000)
 Metaspace       used 5144K, capacity 5264K, committed 5632K, reserved 1056768K
  class space    used 610K, capacity 647K, committed 768K, reserved 1048576K
}
Event: 0.229 GC heap before
{Heap before GC invocations=4 (full 0):
 PSYoungGen      total 1536K, used 1497K [0x0000000715580000, 0x0000000715880000, 0x00000007c0000000)
  eden space 1024K, 99% used [0x0000000715580000,0x000000071567e5f8,0x0000000715680000)
  from space 512K, 93% used [0x0000000715680000,0x00000007156f8020,0x0000000715700000)
  to   space 512K, 0% used [0x0000000715800000,0x0000000715800000,0x0000000715880000)
 ParOldGen       total 522752K, used 419K [0x00000005c0000000, 0x00000005dfe80000, 0x0000000715580000)
  object space 522752K, 0% used [0x00000005c0000000,0x00000005c0068ff0,0x00000005dfe80000)
 Metaspace       used 5495K, capacity 5610K, committed 5888K, reserved 1056768K
  class space    used 668K, capacity 708K, committed 768K, reserved 1048576K
Event: 0.231 GC heap after
Heap after GC invocations=4 (full 0):
 PSYoungGen      total 2560K, used 511K [0x0000000715580000, 0x0000000715880000, 0x00000007c0000000)
  eden space 2048K, 0% used [0x0000000715580000,0x0000000715580000,0x0000000715780000)
  from space 512K, 99% used [0x0000000715800000,0x000000071587fc10,0x0000000715880000)
  to   space 512K, 0% used [0x0000000715780000,0x0000000715780000,0x0000000715800000)
 ParOldGen       total 522752K, used 732K [0x00000005c0000000, 0x00000005dfe80000, 0x0000000715580000)
  object space 522752K, 0% used [0x00000005c0000000,0x00000005c00b71f8,0x00000005dfe80000)
 Metaspace       used 5495K, capacity 5610K, committed 5888K, reserved 1056768K
  class space    used 668K, capacity 708K, committed 768K, reserved 1048576K
}
Event: 0.422 GC heap before
{Heap before GC invocations=5 (full 0):
 PSYoungGen      total 2560K, used 2559K [0x0000000715580000, 0x0000000715880000, 0x00000007c0000000)
  eden space 2048K, 100% used [0x0000000715580000,0x0000000715780000,0x0000000715780000)
  from space 512K, 99% used [0x0000000715800000,0x000000071587fc10,0x0000000715880000)
  to   space 512K, 0% used [0x0000000715780000,0x0000000715780000,0x0000000715800000)
 ParOldGen       total 522752K, used 732K [0x00000005c0000000, 0x00000005dfe80000, 0x0000000715580000)
  object space 522752K, 0% used [0x00000005c0000000,0x00000005c00b71f8,0x00000005dfe80000)
 Metaspace       used 10185K, capacity 10352K, committed 10624K, reserved 1058816K
  class space    used 1345K, capacity 1390K, committed 1408K, reserved 1048576K
Event: 0.424 GC heap after
Heap after GC invocations=5 (full 0):
 PSYoungGen      total 2560K, used 512K [0x0000000715580000, 0x0000000715c80000, 0x00000007c0000000)
  eden space 2048K, 0% used [0x0000000715580000,0x0000000715580000,0x0000000715780000)
  from space 512K, 100% used [0x0000000715780000,0x0000000715800000,0x0000000715800000)
  to   space 1536K, 0% used [0x0000000715b00000,0x0000000715b00000,0x0000000715c80000)
 ParOldGen       total 522752K, used 1572K [0x00000005c0000000, 0x00000005dfe80000, 0x0000000715580000)
  object space 522752K, 0% used [0x00000005c0000000,0x00000005c0189088,0x00000005dfe80000)
 Metaspace       used 10185K, capacity 10352K, committed 10624K, reserved 1058816K
  class space    used 1345K, capacity 1390K, committed 1408K, reserved 1048576K
}

